<?xml version="1.0" encoding="UTF-8"?>
<testng-results skipped="0" failed="0" ignored="0" total="2" passed="2">
  <reporter-output>
  </reporter-output>
  <suite name="Default suite" duration-ms="30433" started-at="2019-11-25T04:14:47Z" finished-at="2019-11-25T04:15:17Z">
    <groups>
    </groups>
    <test name="Default test" duration-ms="30433" started-at="2019-11-25T04:14:47Z" finished-at="2019-11-25T04:15:17Z">
      <class name="GoogleTest.TC_001">
        <test-method status="PASS" signature="OpenBrowser()[pri:0, instance:GoogleTest.TC_001@3ffc5af1]" name="OpenBrowser" is-config="true" duration-ms="8640" started-at="2019-11-25T04:14:47Z" finished-at="2019-11-25T04:14:55Z">
          <reporter-output>
          </reporter-output>
        </test-method> <!-- OpenBrowser -->
        <test-method status="PASS" signature="Test_1()[pri:0, instance:GoogleTest.TC_001@3ffc5af1]" name="Test_1" duration-ms="5543" started-at="2019-11-25T04:14:55Z" finished-at="2019-11-25T04:15:01Z">
          <reporter-output>
          </reporter-output>
        </test-method> <!-- Test_1 -->
        <test-method status="PASS" signature="OpenBrowser()[pri:0, instance:GoogleTest.TC_001@3ffc5af1]" name="OpenBrowser" is-config="true" duration-ms="6346" started-at="2019-11-25T04:15:01Z" finished-at="2019-11-25T04:15:07Z">
          <reporter-output>
          </reporter-output>
        </test-method> <!-- OpenBrowser -->
        <test-method status="PASS" signature="Test_2()[pri:0, instance:GoogleTest.TC_001@3ffc5af1]" name="Test_2" duration-ms="9738" started-at="2019-11-25T04:15:07Z" finished-at="2019-11-25T04:15:17Z">
          <reporter-output>
          </reporter-output>
        </test-method> <!-- Test_2 -->
        <test-method status="PASS" signature="CloseBrowser()[pri:0, instance:GoogleTest.TC_001@3ffc5af1]" name="CloseBrowser" is-config="true" duration-ms="141" started-at="2019-11-25T04:15:17Z" finished-at="2019-11-25T04:15:17Z">
          <reporter-output>
          </reporter-output>
        </test-method> <!-- CloseBrowser -->
      </class> <!-- GoogleTest.TC_001 -->
    </test> <!-- Default test -->
  </suite> <!-- Default suite -->
</testng-results>
